04-18 09:38 - com.shiku.mianshi.Application Starting Application on macbookdeiMac.local with PID 1586 (/Volumes/Macintosh/Users/hzhang7/source/code/shiku/mianshi-parent/mianshi-im-api/target/classes started by macbook in /Volumes/Macintosh/Users/hzhang7/source/code/shiku/mianshi-parent)
04-18 09:38 - com.shiku.mianshi.Application No active profile set, falling back to default profiles: default
04-18 09:38 - org.apache.coyote.http11.Http11NioProtocol Initializing ProtocolHandler ["http-nio-8092"]
04-18 09:38 - org.apache.catalina.core.StandardService Starting service Tomcat
04-18 09:38 - org.apache.catalina.core.StandardEngine Starting Servlet Engine: Apache Tomcat/8.5.13
04-18 09:38 - org.apache.catalina.core.AprLifecycleListener The APR based Apache Tomcat Native library which allows optimal performance in production environments was not found on the java.library.path: /Users/macbook/Library/Java/Extensions:/Library/Java/Extensions:/Network/Library/Java/Extensions:/System/Library/Java/Extensions:/usr/lib/java:.
04-18 09:38 - org.apache.jasper.servlet.TldScanner At least one JAR was scanned for TLDs yet contained no TLDs. Enable debug logging for this logger for a complete list of JARs that were scanned but no TLDs were found in them. Skipping unneeded JARs during scanning can improve startup time and JSP compilation time.
04-18 09:38 - o.a.c.core.ContainerBase.[Tomcat].[localhost].[/] Initializing Spring embedded WebApplicationContext
04-18 09:38 - org.apache.catalina.core.StandardService Stopping service Tomcat
04-18 09:41 - com.shiku.mianshi.Application Starting Application on macbookdeiMac.local with PID 1610 (/Volumes/Macintosh/Users/hzhang7/source/code/shiku/mianshi-parent/mianshi-im-api/target/classes started by macbook in /Volumes/Macintosh/Users/hzhang7/source/code/shiku/mianshi-parent)
04-18 09:41 - com.shiku.mianshi.Application No active profile set, falling back to default profiles: default
04-18 09:41 - org.apache.coyote.http11.Http11NioProtocol Initializing ProtocolHandler ["http-nio-8092"]
04-18 09:41 - org.apache.catalina.core.StandardService Starting service Tomcat
04-18 09:41 - org.apache.catalina.core.StandardEngine Starting Servlet Engine: Apache Tomcat/8.5.13
04-18 09:41 - org.apache.catalina.core.AprLifecycleListener The APR based Apache Tomcat Native library which allows optimal performance in production environments was not found on the java.library.path: /Users/macbook/Library/Java/Extensions:/Library/Java/Extensions:/Network/Library/Java/Extensions:/System/Library/Java/Extensions:/usr/lib/java:.
04-18 09:41 - org.apache.jasper.servlet.TldScanner At least one JAR was scanned for TLDs yet contained no TLDs. Enable debug logging for this logger for a complete list of JARs that were scanned but no TLDs were found in them. Skipping unneeded JARs during scanning can improve startup time and JSP compilation time.
04-18 09:41 - o.a.c.core.ContainerBase.[Tomcat].[localhost].[/] Initializing Spring embedded WebApplicationContext
04-18 09:41 - org.apache.catalina.core.StandardService Stopping service Tomcat
04-18 09:43 - com.shiku.mianshi.Application Starting Application on macbookdeiMac.local with PID 1699 (/Volumes/Macintosh/Users/hzhang7/source/code/shiku/mianshi-parent/mianshi-im-api/target/classes started by macbook in /Volumes/Macintosh/Users/hzhang7/source/code/shiku/mianshi-parent)
04-18 09:43 - com.shiku.mianshi.Application No active profile set, falling back to default profiles: default
04-18 09:43 - org.apache.coyote.http11.Http11NioProtocol Initializing ProtocolHandler ["http-nio-8092"]
04-18 09:43 - org.apache.catalina.core.StandardService Starting service Tomcat
04-18 09:43 - org.apache.catalina.core.StandardEngine Starting Servlet Engine: Apache Tomcat/8.5.13
04-18 09:43 - org.apache.catalina.core.AprLifecycleListener The APR based Apache Tomcat Native library which allows optimal performance in production environments was not found on the java.library.path: /Users/macbook/Library/Java/Extensions:/Library/Java/Extensions:/Network/Library/Java/Extensions:/System/Library/Java/Extensions:/usr/lib/java:.
04-18 09:43 - org.apache.jasper.servlet.TldScanner At least one JAR was scanned for TLDs yet contained no TLDs. Enable debug logging for this logger for a complete list of JARs that were scanned but no TLDs were found in them. Skipping unneeded JARs during scanning can improve startup time and JSP compilation time.
04-18 09:43 - o.a.c.core.ContainerBase.[Tomcat].[localhost].[/] Initializing Spring embedded WebApplicationContext
04-18 09:43 - org.apache.catalina.core.StandardService Stopping service Tomcat
04-18 09:44 - com.shiku.mianshi.Application Starting Application on macbookdeiMac.local with PID 1703 (/Volumes/Macintosh/Users/hzhang7/source/code/shiku/mianshi-parent/mianshi-im-api/target/classes started by macbook in /Volumes/Macintosh/Users/hzhang7/source/code/shiku/mianshi-parent)
04-18 09:44 - com.shiku.mianshi.Application No active profile set, falling back to default profiles: default
04-18 09:44 - org.apache.coyote.http11.Http11NioProtocol Initializing ProtocolHandler ["http-nio-8092"]
04-18 09:44 - org.apache.catalina.core.StandardService Starting service Tomcat
04-18 09:44 - org.apache.catalina.core.StandardEngine Starting Servlet Engine: Apache Tomcat/8.5.13
04-18 09:44 - org.apache.catalina.core.AprLifecycleListener The APR based Apache Tomcat Native library which allows optimal performance in production environments was not found on the java.library.path: /Users/macbook/Library/Java/Extensions:/Library/Java/Extensions:/Network/Library/Java/Extensions:/System/Library/Java/Extensions:/usr/lib/java:.
04-18 09:44 - org.apache.jasper.servlet.TldScanner At least one JAR was scanned for TLDs yet contained no TLDs. Enable debug logging for this logger for a complete list of JARs that were scanned but no TLDs were found in them. Skipping unneeded JARs during scanning can improve startup time and JSP compilation time.
04-18 09:44 - o.a.c.core.ContainerBase.[Tomcat].[localhost].[/] Initializing Spring embedded WebApplicationContext
04-18 09:44 - org.apache.catalina.core.StandardService Stopping service Tomcat
